2023-10-07T07:48:23+00:00 ERROR Authentication failed
2023-10-07T07:48:38+00:00 ERROR Authentication failed
2023-10-07T07:49:02+00:00 ERROR Authentication failed
2023-10-07T07:49:38+00:00 ERROR Authentication failed
2023-10-07T07:49:40+00:00 ERROR Authentication failed
2023-10-07T07:49:46+00:00 ERROR Authentication failed
2023-10-07T07:49:49+00:00 ERROR Authentication failed
2023-10-07T07:49:54+00:00 ERROR Authentication failed
2023-10-07T07:50:01+00:00 ERROR Authentication failed
2023-10-07T07:50:44+00:00 ERROR Authentication failed
2023-10-07T07:50:46+00:00 ERROR Authentication failed
2023-10-07T07:50:55+00:00 ERROR Authentication failed
2023-10-07T07:51:58+00:00 ERROR Authentication failed
2023-10-07T07:52:00+00:00 ERROR Authentication failed
2023-10-07T07:52:07+00:00 ERROR Authentication failed
2023-10-07T07:52:36+00:00 ERROR Authentication failed
2023-10-07T07:53:10+00:00 INFO Trying to create one_cc_address_sync_cron
2023-10-07T07:53:10+00:00 INFO Failed to create one_cc_address_sync_cron as invalid one cc merchant
2023-10-07T07:53:10+00:00 INFO Attempting to delete one_cc_address_sync_cron, status: cancelled, message: invalid_1cc_merchant
2023-10-07T07:53:10+00:00 INFO Deleted one_cc_address_sync_cron  if exists
2023-10-07T07:53:10+00:00 INFO updateAddressSyncCronData: status=cancelled, message=invalid_1cc_merchant, cronStatus=deleted
2023-10-07T07:53:10+00:00 INFO create one_cc_plugin_sync_cron successful
2023-10-07T07:53:26+00:00 ERROR Authentication failed
2023-10-07T07:53:32+00:00 ERROR Authentication failed
2023-10-07T08:00:47+00:00 ERROR Authentication failed
2023-10-07T08:06:23+00:00 ERROR Authentication failed
2023-10-07T08:22:46+00:00 ERROR Authentication failed
2023-10-07T08:23:05+00:00 ERROR Authentication failed
